I, [2019-07-01T13:22:11.826662 #42775]  INFO -- Kitchen: -----> Starting Kitchen (v1.24.0)
I, [2019-07-01T13:22:16.471747 #42775]  INFO -- Kitchen: -----> Converging <default-centos-7>...
E, [2019-07-01T13:22:27.605835 #42775] ERROR -- Kitchen: ------Exception-------
E, [2019-07-01T13:22:27.606264 #42775] ERROR -- Kitchen: Class: Kitchen::ActionFailed
E, [2019-07-01T13:22:27.606312 #42775] ERROR -- Kitchen: Message: 1 actions failed.
>>>>>>     Converge failed on instance <default-centos-7>.  Please see .kitchen/logs/default-centos-7.log for more details
E, [2019-07-01T13:22:27.606343 #42775] ERROR -- Kitchen: ----------------------
E, [2019-07-01T13:22:27.606369 #42775] ERROR -- Kitchen: ------Backtrace-------
E, [2019-07-01T13:22:27.606393 #42775] ERROR -- Kitchen: /opt/chef-workstation/embedded/lib/ruby/gems/2.5.0/gems/test-kitchen-1.24.0/lib/kitchen/command.rb:183:in `report_errors'
E, [2019-07-01T13:22:27.606418 #42775] ERROR -- Kitchen: /opt/chef-workstation/embedded/lib/ruby/gems/2.5.0/gems/test-kitchen-1.24.0/lib/kitchen/command.rb:174:in `run_action'
E, [2019-07-01T13:22:27.606442 #42775] ERROR -- Kitchen: /opt/chef-workstation/embedded/lib/ruby/gems/2.5.0/gems/test-kitchen-1.24.0/lib/kitchen/command/action.rb:36:in `block in call'
E, [2019-07-01T13:22:27.606466 #42775] ERROR -- Kitchen: /opt/chef-workstation/embedded/lib/ruby/2.5.0/benchmark.rb:293:in `measure'
E, [2019-07-01T13:22:27.606490 #42775] ERROR -- Kitchen: /opt/chef-workstation/embedded/lib/ruby/gems/2.5.0/gems/test-kitchen-1.24.0/lib/kitchen/command/action.rb:34:in `call'
E, [2019-07-01T13:22:27.606514 #42775] ERROR -- Kitchen: /opt/chef-workstation/embedded/lib/ruby/gems/2.5.0/gems/test-kitchen-1.24.0/lib/kitchen/cli.rb:52:in `perform'
E, [2019-07-01T13:22:27.606537 #42775] ERROR -- Kitchen: /opt/chef-workstation/embedded/lib/ruby/gems/2.5.0/gems/test-kitchen-1.24.0/lib/kitchen/cli.rb:193:in `block (2 levels) in <class:CLI>'
E, [2019-07-01T13:22:27.606562 #42775] ERROR -- Kitchen: /opt/chef-workstation/embedded/lib/ruby/gems/2.5.0/gems/thor-0.20.3/lib/thor/command.rb:27:in `run'
E, [2019-07-01T13:22:27.606586 #42775] ERROR -- Kitchen: /opt/chef-workstation/embedded/lib/ruby/gems/2.5.0/gems/thor-0.20.3/lib/thor/invocation.rb:126:in `invoke_command'
E, [2019-07-01T13:22:27.606611 #42775] ERROR -- Kitchen: /opt/chef-workstation/embedded/lib/ruby/gems/2.5.0/gems/thor-0.20.3/lib/thor.rb:387:in `dispatch'
E, [2019-07-01T13:22:27.606636 #42775] ERROR -- Kitchen: /opt/chef-workstation/embedded/lib/ruby/gems/2.5.0/gems/thor-0.20.3/lib/thor/base.rb:466:in `start'
E, [2019-07-01T13:22:27.606659 #42775] ERROR -- Kitchen: /opt/chef-workstation/embedded/lib/ruby/gems/2.5.0/gems/test-kitchen-1.24.0/bin/kitchen:13:in `block in <top (required)>'
E, [2019-07-01T13:22:27.606683 #42775] ERROR -- Kitchen: /opt/chef-workstation/embedded/lib/ruby/gems/2.5.0/gems/test-kitchen-1.24.0/lib/kitchen/errors.rb:171:in `with_friendly_errors'
E, [2019-07-01T13:22:27.606707 #42775] ERROR -- Kitchen: /opt/chef-workstation/embedded/lib/ruby/gems/2.5.0/gems/test-kitchen-1.24.0/bin/kitchen:13:in `<top (required)>'
E, [2019-07-01T13:22:27.606730 #42775] ERROR -- Kitchen: /opt/chef-workstation/bin/kitchen:306:in `load'
E, [2019-07-01T13:22:27.606753 #42775] ERROR -- Kitchen: /opt/chef-workstation/bin/kitchen:306:in `<main>'
E, [2019-07-01T13:22:27.606776 #42775] ERROR -- Kitchen: ----End Backtrace-----
E, [2019-07-01T13:22:27.606799 #42775] ERROR -- Kitchen: -Composite Exception--
E, [2019-07-01T13:22:27.606822 #42775] ERROR -- Kitchen: Class: Kitchen::InstanceFailure
E, [2019-07-01T13:22:27.606845 #42775] ERROR -- Kitchen: Message: Converge failed on instance <default-centos-7>.  Please see .kitchen/logs/default-centos-7.log for more details
E, [2019-07-01T13:22:27.606869 #42775] ERROR -- Kitchen: ----------------------
E, [2019-07-01T13:22:27.606892 #42775] ERROR -- Kitchen: ------Backtrace-------
E, [2019-07-01T13:22:27.606915 #42775] ERROR -- Kitchen: /opt/chef-workstation/embedded/lib/ruby/gems/2.5.0/gems/test-kitchen-1.24.0/lib/kitchen/provisioner/base.rb:95:in `rescue in call'
E, [2019-07-01T13:22:27.606938 #42775] ERROR -- Kitchen: /opt/chef-workstation/embedded/lib/ruby/gems/2.5.0/gems/test-kitchen-1.24.0/lib/kitchen/provisioner/base.rb:71:in `call'
E, [2019-07-01T13:22:27.606982 #42775] ERROR -- Kitchen: /opt/chef-workstation/embedded/lib/ruby/gems/2.5.0/gems/test-kitchen-1.24.0/lib/kitchen/instance.rb:408:in `block in converge_action'
E, [2019-07-01T13:22:27.607005 #42775] ERROR -- Kitchen: /opt/chef-workstation/embedded/lib/ruby/gems/2.5.0/gems/test-kitchen-1.24.0/lib/kitchen/instance.rb:551:in `synchronize_or_call'
E, [2019-07-01T13:22:27.607027 #42775] ERROR -- Kitchen: /opt/chef-workstation/embedded/lib/ruby/gems/2.5.0/gems/test-kitchen-1.24.0/lib/kitchen/instance.rb:513:in `block in action'
E, [2019-07-01T13:22:27.607049 #42775] ERROR -- Kitchen: /opt/chef-workstation/embedded/lib/ruby/2.5.0/benchmark.rb:293:in `measure'
E, [2019-07-01T13:22:27.607071 #42775] ERROR -- Kitchen: /opt/chef-workstation/embedded/lib/ruby/gems/2.5.0/gems/test-kitchen-1.24.0/lib/kitchen/instance.rb:512:in `action'
E, [2019-07-01T13:22:27.607092 #42775] ERROR -- Kitchen: /opt/chef-workstation/embedded/lib/ruby/gems/2.5.0/gems/test-kitchen-1.24.0/lib/kitchen/instance.rb:404:in `converge_action'
E, [2019-07-01T13:22:27.607113 #42775] ERROR -- Kitchen: /opt/chef-workstation/embedded/lib/ruby/gems/2.5.0/gems/test-kitchen-1.24.0/lib/kitchen/instance.rb:382:in `block (2 levels) in transition_to'
E, [2019-07-01T13:22:27.607134 #42775] ERROR -- Kitchen: /opt/chef-workstation/embedded/lib/ruby/gems/2.5.0/gems/test-kitchen-1.24.0/lib/kitchen/lifecycle_hooks.rb:45:in `run_with_hooks'
E, [2019-07-01T13:22:27.607156 #42775] ERROR -- Kitchen: /opt/chef-workstation/embedded/lib/ruby/gems/2.5.0/gems/test-kitchen-1.24.0/lib/kitchen/instance.rb:381:in `block in transition_to'
E, [2019-07-01T13:22:27.607451 #42775] ERROR -- Kitchen: /opt/chef-workstation/embedded/lib/ruby/gems/2.5.0/gems/test-kitchen-1.24.0/lib/kitchen/instance.rb:380:in `each'
E, [2019-07-01T13:22:27.607476 #42775] ERROR -- Kitchen: /opt/chef-workstation/embedded/lib/ruby/gems/2.5.0/gems/test-kitchen-1.24.0/lib/kitchen/instance.rb:380:in `transition_to'
E, [2019-07-01T13:22:27.607498 #42775] ERROR -- Kitchen: /opt/chef-workstation/embedded/lib/ruby/gems/2.5.0/gems/test-kitchen-1.24.0/lib/kitchen/instance.rb:140:in `converge'
E, [2019-07-01T13:22:27.607520 #42775] ERROR -- Kitchen: /opt/chef-workstation/embedded/lib/ruby/gems/2.5.0/gems/test-kitchen-1.24.0/lib/kitchen/command.rb:197:in `public_send'
E, [2019-07-01T13:22:27.607541 #42775] ERROR -- Kitchen: /opt/chef-workstation/embedded/lib/ruby/gems/2.5.0/gems/test-kitchen-1.24.0/lib/kitchen/command.rb:197:in `run_action_in_thread'
E, [2019-07-01T13:22:27.607563 #42775] ERROR -- Kitchen: /opt/chef-workstation/embedded/lib/ruby/gems/2.5.0/gems/test-kitchen-1.24.0/lib/kitchen/command.rb:169:in `block (2 levels) in run_action'
E, [2019-07-01T13:22:27.607584 #42775] ERROR -- Kitchen: /opt/chef-workstation/embedded/lib/ruby/gems/2.5.0/gems/logging-2.2.2/lib/logging/diagnostic_context.rb:474:in `block in create_with_logging_context'
E, [2019-07-01T13:22:27.607605 #42775] ERROR -- Kitchen: ----End Backtrace-----
E, [2019-07-01T13:22:27.607626 #42775] ERROR -- Kitchen: ---Nested Exception---
E, [2019-07-01T13:22:27.607647 #42775] ERROR -- Kitchen: Class: Kitchen::ActionFailed
E, [2019-07-01T13:22:27.607668 #42775] ERROR -- Kitchen: Message: SSH exited (1) for command: [sh -c '
TEST_KITCHEN="1"; export TEST_KITCHEN
sudo -E /opt/chef/bin/chef-client --local-mode --config /tmp/kitchen/client.rb --log_level auto --force-formatter --no-color --json-attributes /tmp/kitchen/dna.json --chef-zero-port 8889 
']
E, [2019-07-01T13:22:27.607689 #42775] ERROR -- Kitchen: ----------------------
E, [2019-07-01T13:22:27.607710 #42775] ERROR -- Kitchen: ------Backtrace-------
E, [2019-07-01T13:22:27.607731 #42775] ERROR -- Kitchen: /opt/chef-workstation/embedded/lib/ruby/gems/2.5.0/gems/test-kitchen-1.24.0/lib/kitchen/provisioner/base.rb:95:in `rescue in call'
E, [2019-07-01T13:22:27.607753 #42775] ERROR -- Kitchen: /opt/chef-workstation/embedded/lib/ruby/gems/2.5.0/gems/test-kitchen-1.24.0/lib/kitchen/provisioner/base.rb:71:in `call'
E, [2019-07-01T13:22:27.607795 #42775] ERROR -- Kitchen: /opt/chef-workstation/embedded/lib/ruby/gems/2.5.0/gems/test-kitchen-1.24.0/lib/kitchen/instance.rb:408:in `block in converge_action'
E, [2019-07-01T13:22:27.607817 #42775] ERROR -- Kitchen: /opt/chef-workstation/embedded/lib/ruby/gems/2.5.0/gems/test-kitchen-1.24.0/lib/kitchen/instance.rb:551:in `synchronize_or_call'
E, [2019-07-01T13:22:27.607839 #42775] ERROR -- Kitchen: /opt/chef-workstation/embedded/lib/ruby/gems/2.5.0/gems/test-kitchen-1.24.0/lib/kitchen/instance.rb:513:in `block in action'
E, [2019-07-01T13:22:27.607861 #42775] ERROR -- Kitchen: /opt/chef-workstation/embedded/lib/ruby/2.5.0/benchmark.rb:293:in `measure'
E, [2019-07-01T13:22:27.607882 #42775] ERROR -- Kitchen: /opt/chef-workstation/embedded/lib/ruby/gems/2.5.0/gems/test-kitchen-1.24.0/lib/kitchen/instance.rb:512:in `action'
E, [2019-07-01T13:22:27.607903 #42775] ERROR -- Kitchen: /opt/chef-workstation/embedded/lib/ruby/gems/2.5.0/gems/test-kitchen-1.24.0/lib/kitchen/instance.rb:404:in `converge_action'
E, [2019-07-01T13:22:27.607924 #42775] ERROR -- Kitchen: /opt/chef-workstation/embedded/lib/ruby/gems/2.5.0/gems/test-kitchen-1.24.0/lib/kitchen/instance.rb:382:in `block (2 levels) in transition_to'
E, [2019-07-01T13:22:27.607946 #42775] ERROR -- Kitchen: /opt/chef-workstation/embedded/lib/ruby/gems/2.5.0/gems/test-kitchen-1.24.0/lib/kitchen/lifecycle_hooks.rb:45:in `run_with_hooks'
E, [2019-07-01T13:22:27.607967 #42775] ERROR -- Kitchen: /opt/chef-workstation/embedded/lib/ruby/gems/2.5.0/gems/test-kitchen-1.24.0/lib/kitchen/instance.rb:381:in `block in transition_to'
E, [2019-07-01T13:22:27.607989 #42775] ERROR -- Kitchen: /opt/chef-workstation/embedded/lib/ruby/gems/2.5.0/gems/test-kitchen-1.24.0/lib/kitchen/instance.rb:380:in `each'
E, [2019-07-01T13:22:27.608010 #42775] ERROR -- Kitchen: /opt/chef-workstation/embedded/lib/ruby/gems/2.5.0/gems/test-kitchen-1.24.0/lib/kitchen/instance.rb:380:in `transition_to'
E, [2019-07-01T13:22:27.608031 #42775] ERROR -- Kitchen: /opt/chef-workstation/embedded/lib/ruby/gems/2.5.0/gems/test-kitchen-1.24.0/lib/kitchen/instance.rb:140:in `converge'
E, [2019-07-01T13:22:27.608052 #42775] ERROR -- Kitchen: /opt/chef-workstation/embedded/lib/ruby/gems/2.5.0/gems/test-kitchen-1.24.0/lib/kitchen/command.rb:197:in `public_send'
E, [2019-07-01T13:22:27.608073 #42775] ERROR -- Kitchen: /opt/chef-workstation/embedded/lib/ruby/gems/2.5.0/gems/test-kitchen-1.24.0/lib/kitchen/command.rb:197:in `run_action_in_thread'
E, [2019-07-01T13:22:27.608095 #42775] ERROR -- Kitchen: /opt/chef-workstation/embedded/lib/ruby/gems/2.5.0/gems/test-kitchen-1.24.0/lib/kitchen/command.rb:169:in `block (2 levels) in run_action'
E, [2019-07-01T13:22:27.608116 #42775] ERROR -- Kitchen: /opt/chef-workstation/embedded/lib/ruby/gems/2.5.0/gems/logging-2.2.2/lib/logging/diagnostic_context.rb:474:in `block in create_with_logging_context'
E, [2019-07-01T13:22:27.608137 #42775] ERROR -- Kitchen: ----End Backtrace-----
